<?xml version="1.0" encoding="UTF-8"?>
<!-- Generated by org.testng.reporters.JUnitXMLReporter -->
<testsuite ignored="0" hostname="LAYA" failures="1" tests="6" name="Test" time="25.103" errors="0" timestamp="2025-01-30T15:18:48 IST">
  <testcase classname="testCases.TC001_AccountRegistrationTest" name="verify_Account_Registration" time="2.411">
    <failure type="java.lang.AssertionError" message="expected [Your Account Has Been Created!] but found [Register Account]">
      <![CDATA[java.lang.AssertionError: expected [Your Account Has Been Created!] but found [Register Account]
at testCases.TC001_AccountRegistrationTest.verify_Account_Registration(TC001_AccountRegistrationTest.java:37)
at java.base/java.util.ArrayList.forEach(ArrayList.java:1596)
... Removed 31 stack frames]]>
    </failure>
  </testcase> <!-- verify_Account_Registration -->
  <testcase classname="testCases.TC002_LoginTest" name="verify_Login" time="1.434"/>
  <testcase classname="testCases.TC003_LoginDDT" name="verify_LoginDDT" time="1.788"/>
  <testcase classname="testCases.TC003_LoginDDT" name="verify_LoginDDT" time="3.919"/>
  <testcase classname="testCases.TC003_LoginDDT" name="verify_LoginDDT" time="3.883"/>
  <testcase classname="testCases.TC003_LoginDDT" name="verify_LoginDDT" time="1.575"/>
</testsuite> <!-- Test -->
