<?xml version="1.0" encoding="UTF-8"?>
<!-- Generated by org.testng.reporters.JUnitXMLReporter -->
<testsuite ignored="0" hostname="LAYA" failures="1" tests="6" name="Test" time="25.301" errors="0" timestamp="2025-01-30T20:08:47 IST">
  <testcase classname="testCases.TC001_AccountRegistrationTest" name="verify_Account_Registration" time="1.887">
    <failure type="java.lang.AssertionError" message="expected [Your Account Has Been Created!] but found [Register Account]">
      <![CDATA[java.lang.AssertionError: expected [Your Account Has Been Created!] but found [Register Account]
at testCases.TC001_AccountRegistrationTest.verify_Account_Registration(TC001_AccountRegistrationTest.java:37)
at java.base/java.util.ArrayList.forEach(ArrayList.java:1511)
... Removed 37 stack frames]]>
    </failure>
  </testcase> <!-- verify_Account_Registration -->
  <testcase classname="testCases.TC002_LoginTest" name="verify_Login" time="2.639"/>
  <testcase classname="testCases.TC003_LoginDDT" name="verify_LoginDDT" time="1.775"/>
  <testcase classname="testCases.TC003_LoginDDT" name="verify_LoginDDT" time="4.078"/>
  <testcase classname="testCases.TC003_LoginDDT" name="verify_LoginDDT" time="4.228"/>
  <testcase classname="testCases.TC003_LoginDDT" name="verify_LoginDDT" time="1.692"/>
</testsuite> <!-- Test -->
